Using pre-set license
Built from '2020.2/release' branch; Version is '2020.2.4f1 (becced5a802b) revision 12504301'; Using compiler version '192528614'; Build Type 'Release'
OS: 'Windows 10 Home; OS build 19041.867; Version 2004; 64bit' Language: 'en' Physical Memory: 16305 MB
BatchMode: 1, IsHumanControllingUs: 0, StartBugReporterOnCrash: 0, Is64bit: 1, IsPro: 0

 COMMAND LINE ARGUMENTS:
C:\Program Files\Unity\Hub\Editor\2020.2.4f1\Editor\Unity.exe
-adb2
-batchMode
-noUpm
-name
AssetImportWorker0
-projectPath
C:/Users/Jesse/Documents/School/Semester6/AGP/AGP_A4
-logFile
Logs/AssetImportWorker0.log
-srvPort
49442
Successfully changed project path to: C:/Users/Jesse/Documents/School/Semester6/AGP/AGP_A4
C:/Users/Jesse/Documents/School/Semester6/AGP/AGP_A4
Using Asset Import Pipeline V2.
Refreshing native plugins compatible for Editor in 25.46 ms, found 0 plugins.
Preloading 0 native plugins for Editor in 0.00 ms.
Initialize engine version: 2020.2.4f1 (becced5a802b)
[Subsystems] Discovering subsystems at path C:/Program Files/Unity/Hub/Editor/2020.2.4f1/Editor/Data/Resources/UnitySubsystems
[Subsystems] Discovering subsystems at path C:/Users/Jesse/Documents/School/Semester6/AGP/AGP_A4/Assets
GfxDevice: creating device client; threaded=0
Direct3D:
    Version:  Direct3D 11.0 [level 11.1]
    Renderer: NVIDIA GeForce GTX 1660 Ti (ID=0x2182)
    Vendor:   
    VRAM:     5991 MB
    Driver:   27.21.14.5671
Initialize mono
Mono path[0] = 'C:/Program Files/Unity/Hub/Editor/2020.2.4f1/Editor/Data/Managed'
Mono path[1] = 'C:/Program Files/Unity/Hub/Editor/2020.2.4f1/Editor/Data/MonoBleedingEdge/lib/mono/unityjit'
Mono config path = 'C:/Program Files/Unity/Hub/Editor/2020.2.4f1/Editor/Data/MonoBleedingEdge/etc'
Using monoOptions --debugger-agent=transport=dt_socket,embedding=1,server=y,suspend=n,address=127.0.0.1:56776
Begin MonoManager ReloadAssembly
Registering precompiled unity dll's ...
Register platform support module: C:/Program Files/Unity/Hub/Editor/2020.2.4f1/Editor/Data/PlaybackEngines/WebGLSupport/UnityEditor.WebGL.Extensions.dll
Register platform support module: C:/Program Files/Unity/Hub/Editor/2020.2.4f1/Editor/Data/PlaybackEngines/WindowsStandaloneSupport/UnityEditor.WindowsStandalone.Extensions.dll
Registered in 0.002564 seconds.
Native extension for WindowsStandalone target not found
Native extension for WebGL target not found
Refreshing native plugins compatible for Editor in 40.80 ms, found 0 plugins.
Preloading 0 native plugins for Editor in 0.00 ms.
Invoked RoslynAnalysisRunner static constructor.
RoslynAnalysisRunner will not be running.
RoslynAnalysisRunner has terminated.
Mono: successfully reloaded assembly
- Completed reload, in  1.853 seconds
Platform modules already initialized, skipping
Registering precompiled user dll's ...
Registered in 0.000726 seconds.
Begin MonoManager ReloadAssembly
Native extension for WindowsStandalone target not found
Native extension for WebGL target not found
Refreshing native plugins compatible for Editor in 25.39 ms, found 0 plugins.
Preloading 0 native plugins for Editor in 0.00 ms.
Invoked RoslynAnalysisRunner static constructor.
RoslynAnalysisRunner will not be running.
RoslynAnalysisRunner has terminated.
Mono: successfully reloaded assembly
- Completed reload, in  0.834 seconds
Platform modules already initialized, skipping
========================================================================
Worker process is ready to serve import requests
Launched and connected shader compiler UnityShaderCompiler.exe after 0.05 seconds
Refreshing native plugins compatible for Editor in 0.23 ms, found 0 plugins.
Preloading 0 native plugins for Editor in 0.00 ms.
Unloading 1529 Unused Serialized files (Serialized files now loaded: 0)
System memory in use before: 75.6 MB.
System memory in use after: 75.7 MB.

Unloading 12 unused Assets to reduce memory usage. Loaded Objects now: 1976.
Total: 2.240600 ms (FindLiveObjects: 0.173800 ms CreateObjectMapping: 0.044400 ms MarkObjects: 1.898800 ms  DeleteObjects: 0.122800 ms)

========================================================================
Received Import Request.
  path: Assets/Puzzles
  artifactKey: Guid(7f6c1cfc557e5754cbfb674b233a80fe) Importer(815301076,1909f56bfc062723c751e8b465ee728b)
Start importing Assets/Puzzles using Guid(7f6c1cfc557e5754cbfb674b233a80fe) Importer(815301076,1909f56bfc062723c751e8b465ee728b)  -> (artifact id: '9c2f305244799d92ffd34a3fae988016') in 0.006042 seconds
  Import took 0.008537 seconds .

========================================================================
Received Import Request.
  Time since last request: 57.980161 seconds.
  path: Assets/Puzzles/Puzzle.cs
  artifactKey: Guid(411a5704bcf073142858840c8ae5c93a) Importer(815301076,1909f56bfc062723c751e8b465ee728b)
Start importing Assets/Puzzles/Puzzle.cs using Guid(411a5704bcf073142858840c8ae5c93a) Importer(815301076,1909f56bfc062723c751e8b465ee728b)  -> (artifact id: '6d26a2784162dda1f378af070956fb33') in 0.042615 seconds
  Import took 0.045667 seconds .

========================================================================
Received Prepare
Registering precompiled user dll's ...
Registered in 0.000732 seconds.
Begin MonoManager ReloadAssembly
Native extension for WindowsStandalone target not found
Native extension for WebGL target not found
Refreshing native plugins compatible for Editor in 0.24 ms, found 0 plugins.
Preloading 0 native plugins for Editor in 0.00 ms.
Invoked RoslynAnalysisRunner static constructor.
RoslynAnalysisRunner will not be running.
RoslynAnalysisRunner has terminated.
Mono: successfully reloaded assembly
- Completed reload, in  0.778 seconds
Platform modules already initialized, skipping
Refreshing native plugins compatible for Editor in 0.23 ms, found 0 plugins.
Preloading 0 native plugins for Editor in 0.00 ms.
Unloading 1494 Unused Serialized files (Serialized files now loaded: 0)
System memory in use before: 73.3 MB.
System memory in use after: 73.4 MB.

Unloading 5 unused Assets to reduce memory usage. Loaded Objects now: 1979.
Total: 1.556000 ms (FindLiveObjects: 0.136200 ms CreateObjectMapping: 0.039400 ms MarkObjects: 1.330900 ms  DeleteObjects: 0.048500 ms)

========================================================================
Received Prepare
Registering precompiled user dll's ...
Registered in 0.000741 seconds.
Begin MonoManager ReloadAssembly
Native extension for WindowsStandalone target not found
Native extension for WebGL target not found
Refreshing native plugins compatible for Editor in 0.23 ms, found 0 plugins.
Preloading 0 native plugins for Editor in 0.00 ms.
Invoked RoslynAnalysisRunner static constructor.
RoslynAnalysisRunner will not be running.
RoslynAnalysisRunner has terminated.
Mono: successfully reloaded assembly
- Completed reload, in  0.726 seconds
Platform modules already initialized, skipping
Refreshing native plugins compatible for Editor in 0.23 ms, found 0 plugins.
Preloading 0 native plugins for Editor in 0.00 ms.
Unloading 1494 Unused Serialized files (Serialized files now loaded: 0)
System memory in use before: 73.4 MB.
System memory in use after: 73.5 MB.

Unloading 5 unused Assets to reduce memory usage. Loaded Objects now: 1981.
Total: 1.660800 ms (FindLiveObjects: 0.121500 ms CreateObjectMapping: 0.037900 ms MarkObjects: 1.451700 ms  DeleteObjects: 0.049000 ms)

========================================================================
Received Import Request.
  Time since last request: 192.367487 seconds.
  path: Assets/Puzzles/Puzzle.cs
  artifactKey: Guid(411a5704bcf073142858840c8ae5c93a) Importer(815301076,1909f56bfc062723c751e8b465ee728b)
Start importing Assets/Puzzles/Puzzle.cs using Guid(411a5704bcf073142858840c8ae5c93a) Importer(815301076,1909f56bfc062723c751e8b465ee728b)  -> (artifact id: '918d04cacd0d8a02600c7387fc256b4e') in 0.004366 seconds
  Import took 0.007243 seconds .

========================================================================
Received Import Request.
  Time since last request: 7.524720 seconds.
  path: Assets/Puzzles/TestPuzzle.asset
  artifactKey: Guid(d170dc1458eae05439b7ba72b07a3668) Importer(815301076,1909f56bfc062723c751e8b465ee728b)
Start importing Assets/Puzzles/TestPuzzle.asset using Guid(d170dc1458eae05439b7ba72b07a3668) Importer(815301076,1909f56bfc062723c751e8b465ee728b)  -> (artifact id: '8b7a2ed9c542fbda6e20b6e72a5be6bb') in 0.016744 seconds
  Import took 0.019491 seconds .

========================================================================
Received Import Request.
  Time since last request: 106.054160 seconds.
  path: Assets/Prefabs/EmitterRing.prefab
  artifactKey: Guid(b171aa300d5e4b54d8e1c4bda0fe05cc) Importer(815301076,1909f56bfc062723c751e8b465ee728b)
Start importing Assets/Prefabs/EmitterRing.prefab using Guid(b171aa300d5e4b54d8e1c4bda0fe05cc) Importer(815301076,1909f56bfc062723c751e8b465ee728b)  -> (artifact id: '8466ed482c8017ec92122dd5ae9d5d80') in 0.100380 seconds
  Import took 0.103492 seconds .

========================================================================
Received Import Request.
  Time since last request: 25.423599 seconds.
  path: Assets/Prefabs/LaserEmitter.prefab
  artifactKey: Guid(b487459e4b241a549962caedbaf8f32a) Importer(815301076,1909f56bfc062723c751e8b465ee728b)
Start importing Assets/Prefabs/LaserEmitter.prefab using Guid(b487459e4b241a549962caedbaf8f32a) Importer(815301076,1909f56bfc062723c751e8b465ee728b)  -> (artifact id: '6eb3bab061fabd72cb61c2a7d70f8754') in 0.011435 seconds
  Import took 0.013982 seconds .

========================================================================
Received Import Request.
  Time since last request: 0.001827 seconds.
  path: Assets/Prefabs/LaserEmitter.prefab
  artifactKey: Guid(b487459e4b241a549962caedbaf8f32a) Importer(815301076,1909f56bfc062723c751e8b465ee728b)
Start importing Assets/Prefabs/LaserEmitter.prefab using Guid(b487459e4b241a549962caedbaf8f32a) Importer(815301076,1909f56bfc062723c751e8b465ee728b)  -> (artifact id: '6eb3bab061fabd72cb61c2a7d70f8754') in 0.011254 seconds
  Import took 0.013873 seconds .

========================================================================
Received Import Request.
  Time since last request: 14.540858 seconds.
  path: Assets/Resources
  artifactKey: Guid(f2bd1cedfcc099d418283dcede4fbcf5) Importer(815301076,1909f56bfc062723c751e8b465ee728b)
Start importing Assets/Resources using Guid(f2bd1cedfcc099d418283dcede4fbcf5) Importer(815301076,1909f56bfc062723c751e8b465ee728b)  -> (artifact id: 'ef5837811e328973015e2a3b0659836d') in 0.004658 seconds
  Import took 0.008588 seconds .

========================================================================
Received Import Request.
  Time since last request: 57.849059 seconds.
  path: Assets/Resources/Prefabs/Target.prefab
  artifactKey: Guid(16030d88ea2fb5843a7614e329fb0ba4) Importer(815301076,1909f56bfc062723c751e8b465ee728b)
Start importing Assets/Resources/Prefabs/Target.prefab using Guid(16030d88ea2fb5843a7614e329fb0ba4) Importer(815301076,1909f56bfc062723c751e8b465ee728b)  -> (artifact id: 'f1dc3e62a1e4c200c9ea230dd41837dc') in 0.015453 seconds
  Import took 0.018646 seconds .

========================================================================
Received Import Request.
  Time since last request: 28.287411 seconds.
  path: Assets/Resources/Prefabs/EmitterRing.prefab
  artifactKey: Guid(b171aa300d5e4b54d8e1c4bda0fe05cc) Importer(815301076,1909f56bfc062723c751e8b465ee728b)
Start importing Assets/Resources/Prefabs/EmitterRing.prefab using Guid(b171aa300d5e4b54d8e1c4bda0fe05cc) Importer(815301076,1909f56bfc062723c751e8b465ee728b)  -> (artifact id: 'ed7e59c0338dae205b6d13ddd147a265') in 0.014402 seconds
  Import took 0.017571 seconds .

========================================================================
Received Import Request.
  Time since last request: 68.502276 seconds.
  path: Assets/Resources/Prefabs/Target.prefab
  artifactKey: Guid(16030d88ea2fb5843a7614e329fb0ba4) Importer(815301076,1909f56bfc062723c751e8b465ee728b)
Start importing Assets/Resources/Prefabs/Target.prefab using Guid(16030d88ea2fb5843a7614e329fb0ba4) Importer(815301076,1909f56bfc062723c751e8b465ee728b)  -> (artifact id: '26c4c938bf68ffed41cd70aad279f22d') in 0.010835 seconds
  Import took 0.013203 seconds .

========================================================================
Received Import Request.
  Time since last request: 1.992340 seconds.
  path: Assets/Resources/Prefabs/Target.prefab
  artifactKey: Guid(16030d88ea2fb5843a7614e329fb0ba4) Importer(815301076,1909f56bfc062723c751e8b465ee728b)
Start importing Assets/Resources/Prefabs/Target.prefab using Guid(16030d88ea2fb5843a7614e329fb0ba4) Importer(815301076,1909f56bfc062723c751e8b465ee728b)  -> (artifact id: '80dd5f7954af30af0d71f6538985b982') in 0.013925 seconds
  Import took 0.017597 seconds .

========================================================================
Received Prepare
Registering precompiled user dll's ...
Registered in 0.000826 seconds.
Begin MonoManager ReloadAssembly
Native extension for WindowsStandalone target not found
Native extension for WebGL target not found
Refreshing native plugins compatible for Editor in 0.24 ms, found 0 plugins.
Preloading 0 native plugins for Editor in 0.00 ms.
Invoked RoslynAnalysisRunner static constructor.
RoslynAnalysisRunner will not be running.
RoslynAnalysisRunner has terminated.
Mono: successfully reloaded assembly
- Completed reload, in  0.742 seconds
Platform modules already initialized, skipping
Refreshing native plugins compatible for Editor in 0.24 ms, found 0 plugins.
Preloading 0 native plugins for Editor in 0.00 ms.
Unloading 1494 Unused Serialized files (Serialized files now loaded: 0)
System memory in use before: 76.5 MB.
System memory in use after: 76.6 MB.

Unloading 5 unused Assets to reduce memory usage. Loaded Objects now: 1991.
Total: 1.581100 ms (FindLiveObjects: 0.125600 ms CreateObjectMapping: 0.036000 ms MarkObjects: 1.371600 ms  DeleteObjects: 0.047100 ms)

========================================================================
Received Prepare
Registering precompiled user dll's ...
Registered in 0.000940 seconds.
Begin MonoManager ReloadAssembly
Native extension for WindowsStandalone target not found
Native extension for WebGL target not found
Refreshing native plugins compatible for Editor in 0.24 ms, found 0 plugins.
Preloading 0 native plugins for Editor in 0.00 ms.
Invoked RoslynAnalysisRunner static constructor.
RoslynAnalysisRunner will not be running.
RoslynAnalysisRunner has terminated.
Mono: successfully reloaded assembly
- Completed reload, in  0.745 seconds
Platform modules already initialized, skipping
Refreshing native plugins compatible for Editor in 0.25 ms, found 0 plugins.
Preloading 0 native plugins for Editor in 0.00 ms.
Unloading 1494 Unused Serialized files (Serialized files now loaded: 0)
System memory in use before: 76.6 MB.
System memory in use after: 76.6 MB.

Unloading 5 unused Assets to reduce memory usage. Loaded Objects now: 1993.
Total: 1.946500 ms (FindLiveObjects: 0.143100 ms CreateObjectMapping: 0.048000 ms MarkObjects: 1.699200 ms  DeleteObjects: 0.054900 ms)

========================================================================
Received Prepare
Registering precompiled user dll's ...
Registered in 0.000795 seconds.
Begin MonoManager ReloadAssembly
Native extension for WindowsStandalone target not found
Native extension for WebGL target not found
Refreshing native plugins compatible for Editor in 0.25 ms, found 0 plugins.
Preloading 0 native plugins for Editor in 0.00 ms.
Invoked RoslynAnalysisRunner static constructor.
RoslynAnalysisRunner will not be running.
RoslynAnalysisRunner has terminated.
Mono: successfully reloaded assembly
- Completed reload, in  0.739 seconds
Platform modules already initialized, skipping
Refreshing native plugins compatible for Editor in 0.24 ms, found 0 plugins.
Preloading 0 native plugins for Editor in 0.00 ms.
Unloading 1494 Unused Serialized files (Serialized files now loaded: 0)
System memory in use before: 76.6 MB.
System memory in use after: 76.6 MB.

Unloading 5 unused Assets to reduce memory usage. Loaded Objects now: 1995.
Total: 1.571100 ms (FindLiveObjects: 0.133300 ms CreateObjectMapping: 0.041900 ms MarkObjects: 1.349500 ms  DeleteObjects: 0.045500 ms)

========================================================================
Received Import Request.
  Time since last request: 687.004493 seconds.
  path: Assets/Resources/Prefabs/LaserEmitter.prefab
  artifactKey: Guid(b487459e4b241a549962caedbaf8f32a) Importer(815301076,1909f56bfc062723c751e8b465ee728b)
Start importing Assets/Resources/Prefabs/LaserEmitter.prefab using Guid(b487459e4b241a549962caedbaf8f32a) Importer(815301076,1909f56bfc062723c751e8b465ee728b)  -> (artifact id: '2af023c963083005637f0f1c87c49b58') in 0.052263 seconds
  Import took 0.055578 seconds .

========================================================================
Received Import Request.
  Time since last request: 3.143836 seconds.
  path: Assets/Resources/Prefabs/LaserEmitter.prefab
  artifactKey: Guid(b487459e4b241a549962caedbaf8f32a) Importer(815301076,1909f56bfc062723c751e8b465ee728b)
Start importing Assets/Resources/Prefabs/LaserEmitter.prefab using Guid(b487459e4b241a549962caedbaf8f32a) Importer(815301076,1909f56bfc062723c751e8b465ee728b)  -> (artifact id: '8c4201177c8d29d884132ef58e26ad26') in 0.009816 seconds
  Import took 0.012580 seconds .

========================================================================
Received Import Request.
  Time since last request: 1.392128 seconds.
  path: Assets/Resources/Prefabs/LaserEmitter.prefab
  artifactKey: Guid(b487459e4b241a549962caedbaf8f32a) Importer(815301076,1909f56bfc062723c751e8b465ee728b)
Start importing Assets/Resources/Prefabs/LaserEmitter.prefab using Guid(b487459e4b241a549962caedbaf8f32a) Importer(815301076,1909f56bfc062723c751e8b465ee728b)  -> (artifact id: '7d95cbe848e820032e7a073efa5a4b6f') in 0.009269 seconds
  Import took 0.012094 seconds .

========================================================================
Received Import Request.
  Time since last request: 29.587997 seconds.
  path: Assets/Resources/Prefabs/LaserEmitter.prefab
  artifactKey: Guid(b487459e4b241a549962caedbaf8f32a) Importer(815301076,1909f56bfc062723c751e8b465ee728b)
Start importing Assets/Resources/Prefabs/LaserEmitter.prefab using Guid(b487459e4b241a549962caedbaf8f32a) Importer(815301076,1909f56bfc062723c751e8b465ee728b)  -> (artifact id: 'e3f87f76e1c2d46756aa921e762e2d85') in 0.009023 seconds
  Import took 0.011435 seconds .

========================================================================
Received Import Request.
  Time since last request: 4.425448 seconds.
  path: Assets/Resources/Prefabs/LaserEmitter.prefab
  artifactKey: Guid(b487459e4b241a549962caedbaf8f32a) Importer(815301076,1909f56bfc062723c751e8b465ee728b)
Start importing Assets/Resources/Prefabs/LaserEmitter.prefab using Guid(b487459e4b241a549962caedbaf8f32a) Importer(815301076,1909f56bfc062723c751e8b465ee728b)  -> (artifact id: '8db0001f5d05e27cc43ee36d24c5588a') in 0.010359 seconds
  Import took 0.013239 seconds .

========================================================================
Received Import Request.
  Time since last request: 8.284942 seconds.
  path: Assets/Resources/Prefabs/LaserEmitter.prefab
  artifactKey: Guid(b487459e4b241a549962caedbaf8f32a) Importer(815301076,1909f56bfc062723c751e8b465ee728b)
Start importing Assets/Resources/Prefabs/LaserEmitter.prefab using Guid(b487459e4b241a549962caedbaf8f32a) Importer(815301076,1909f56bfc062723c751e8b465ee728b)  -> (artifact id: 'afb3fa110b3c75472329ed3c2373b36a') in 0.009233 seconds
  Import took 0.012698 seconds .

========================================================================
Received Import Request.
  Time since last request: 0.186817 seconds.
  path: Assets/Resources/Prefabs/LaserEmitter.prefab
  artifactKey: Guid(b487459e4b241a549962caedbaf8f32a) Importer(815301076,1909f56bfc062723c751e8b465ee728b)
Start importing Assets/Resources/Prefabs/LaserEmitter.prefab using Guid(b487459e4b241a549962caedbaf8f32a) Importer(815301076,1909f56bfc062723c751e8b465ee728b)  -> (artifact id: '913b4a96dc2b266fb3334780a6b92840') in 0.009296 seconds
  Import took 0.012294 seconds .

========================================================================
Received Import Request.
  Time since last request: 2.010825 seconds.
  path: Assets/Resources/Prefabs/LaserEmitter.prefab
  artifactKey: Guid(b487459e4b241a549962caedbaf8f32a) Importer(815301076,1909f56bfc062723c751e8b465ee728b)
Start importing Assets/Resources/Prefabs/LaserEmitter.prefab using Guid(b487459e4b241a549962caedbaf8f32a) Importer(815301076,1909f56bfc062723c751e8b465ee728b)  -> (artifact id: 'beb3a6a08f638704861fca41e205b722') in 0.009087 seconds
  Import took 0.011932 seconds .

========================================================================
Received Import Request.
  Time since last request: 2.606440 seconds.
  path: Assets/Resources/Prefabs/LaserEmitter.prefab
  artifactKey: Guid(b487459e4b241a549962caedbaf8f32a) Importer(815301076,1909f56bfc062723c751e8b465ee728b)
Start importing Assets/Resources/Prefabs/LaserEmitter.prefab using Guid(b487459e4b241a549962caedbaf8f32a) Importer(815301076,1909f56bfc062723c751e8b465ee728b)  -> (artifact id: '1eb91f4d968861c90210977b2003c018') in 0.009950 seconds
  Import took 0.013231 seconds .

========================================================================
Received Prepare
Registering precompiled user dll's ...
Registered in 0.000737 seconds.
Begin MonoManager ReloadAssembly
Native extension for WindowsStandalone target not found
Native extension for WebGL target not found
Refreshing native plugins compatible for Editor in 0.23 ms, found 0 plugins.
Preloading 0 native plugins for Editor in 0.00 ms.
Invoked RoslynAnalysisRunner static constructor.
RoslynAnalysisRunner will not be running.
RoslynAnalysisRunner has terminated.
Mono: successfully reloaded assembly
- Completed reload, in  0.738 seconds
Platform modules already initialized, skipping
Refreshing native plugins compatible for Editor in 0.23 ms, found 0 plugins.
Preloading 0 native plugins for Editor in 0.00 ms.
Unloading 1494 Unused Serialized files (Serialized files now loaded: 0)
System memory in use before: 76.6 MB.
System memory in use after: 76.7 MB.

Unloading 5 unused Assets to reduce memory usage. Loaded Objects now: 1998.
Total: 1.707600 ms (FindLiveObjects: 0.146100 ms CreateObjectMapping: 0.074300 ms MarkObjects: 1.432300 ms  DeleteObjects: 0.053500 ms)

========================================================================
Received Prepare
Registering precompiled user dll's ...
Registered in 0.000843 seconds.
Begin MonoManager ReloadAssembly
Native extension for WindowsStandalone target not found
Native extension for WebGL target not found
Refreshing native plugins compatible for Editor in 0.23 ms, found 0 plugins.
Preloading 0 native plugins for Editor in 0.00 ms.
Invoked RoslynAnalysisRunner static constructor.
RoslynAnalysisRunner will not be running.
RoslynAnalysisRunner has terminated.
Mono: successfully reloaded assembly
- Completed reload, in  0.727 seconds
Platform modules already initialized, skipping
Refreshing native plugins compatible for Editor in 0.24 ms, found 0 plugins.
Preloading 0 native plugins for Editor in 0.00 ms.
Unloading 1494 Unused Serialized files (Serialized files now loaded: 0)
System memory in use before: 76.6 MB.
System memory in use after: 76.7 MB.

Unloading 5 unused Assets to reduce memory usage. Loaded Objects now: 2000.
Total: 1.968200 ms (FindLiveObjects: 0.230800 ms CreateObjectMapping: 0.061000 ms MarkObjects: 1.624500 ms  DeleteObjects: 0.050800 ms)

========================================================================
Received Prepare
Registering precompiled user dll's ...
Registered in 0.000786 seconds.
Begin MonoManager ReloadAssembly
Native extension for WindowsStandalone target not found
Native extension for WebGL target not found
Refreshing native plugins compatible for Editor in 0.23 ms, found 0 plugins.
Preloading 0 native plugins for Editor in 0.00 ms.
Invoked RoslynAnalysisRunner static constructor.
RoslynAnalysisRunner will not be running.
RoslynAnalysisRunner has terminated.
Mono: successfully reloaded assembly
- Completed reload, in  0.721 seconds
Platform modules already initialized, skipping
Refreshing native plugins compatible for Editor in 0.24 ms, found 0 plugins.
Preloading 0 native plugins for Editor in 0.00 ms.
Unloading 1494 Unused Serialized files (Serialized files now loaded: 0)
System memory in use before: 76.6 MB.
System memory in use after: 76.7 MB.

Unloading 5 unused Assets to reduce memory usage. Loaded Objects now: 2002.
Total: 1.533500 ms (FindLiveObjects: 0.134300 ms CreateObjectMapping: 0.047000 ms MarkObjects: 1.303900 ms  DeleteObjects: 0.047500 ms)

========================================================================
Received Prepare
Registering precompiled user dll's ...
Registered in 0.000719 seconds.
Begin MonoManager ReloadAssembly
Native extension for WindowsStandalone target not found
Native extension for WebGL target not found
Refreshing native plugins compatible for Editor in 0.24 ms, found 0 plugins.
Preloading 0 native plugins for Editor in 0.00 ms.
Invoked RoslynAnalysisRunner static constructor.
RoslynAnalysisRunner will not be running.
RoslynAnalysisRunner has terminated.
Mono: successfully reloaded assembly
- Completed reload, in  0.711 seconds
Platform modules already initialized, skipping
Refreshing native plugins compatible for Editor in 0.24 ms, found 0 plugins.
Preloading 0 native plugins for Editor in 0.00 ms.
Unloading 1494 Unused Serialized files (Serialized files now loaded: 0)
System memory in use before: 76.6 MB.
System memory in use after: 76.7 MB.

Unloading 5 unused Assets to reduce memory usage. Loaded Objects now: 2004.
Total: 1.845800 ms (FindLiveObjects: 0.148100 ms CreateObjectMapping: 0.047600 ms MarkObjects: 1.583900 ms  DeleteObjects: 0.065000 ms)

========================================================================
Received Prepare
Registering precompiled user dll's ...
Registered in 0.000853 seconds.
Begin MonoManager ReloadAssembly
Native extension for WindowsStandalone target not found
Native extension for WebGL target not found
Refreshing native plugins compatible for Editor in 0.23 ms, found 0 plugins.
Preloading 0 native plugins for Editor in 0.00 ms.
Invoked RoslynAnalysisRunner static constructor.
RoslynAnalysisRunner will not be running.
RoslynAnalysisRunner has terminated.
Mono: successfully reloaded assembly
- Completed reload, in  0.745 seconds
Platform modules already initialized, skipping
Refreshing native plugins compatible for Editor in 0.24 ms, found 0 plugins.
Preloading 0 native plugins for Editor in 0.00 ms.
Unloading 1494 Unused Serialized files (Serialized files now loaded: 0)
System memory in use before: 76.6 MB.
System memory in use after: 76.7 MB.

Unloading 5 unused Assets to reduce memory usage. Loaded Objects now: 2006.
Total: 1.655900 ms (FindLiveObjects: 0.159000 ms CreateObjectMapping: 0.048800 ms MarkObjects: 1.403500 ms  DeleteObjects: 0.043900 ms)

========================================================================
Received Prepare
Registering precompiled user dll's ...
Registered in 0.000955 seconds.
Begin MonoManager ReloadAssembly
Native extension for WindowsStandalone target not found
Native extension for WebGL target not found
Refreshing native plugins compatible for Editor in 0.24 ms, found 0 plugins.
Preloading 0 native plugins for Editor in 0.00 ms.
Invoked RoslynAnalysisRunner static constructor.
RoslynAnalysisRunner will not be running.
RoslynAnalysisRunner has terminated.
Mono: successfully reloaded assembly
- Completed reload, in  0.733 seconds
Platform modules already initialized, skipping
Refreshing native plugins compatible for Editor in 0.24 ms, found 0 plugins.
Preloading 0 native plugins for Editor in 0.00 ms.
Unloading 1494 Unused Serialized files (Serialized files now loaded: 0)
System memory in use before: 76.6 MB.
System memory in use after: 76.7 MB.

Unloading 5 unused Assets to reduce memory usage. Loaded Objects now: 2008.
Total: 2.214400 ms (FindLiveObjects: 0.160600 ms CreateObjectMapping: 0.099400 ms MarkObjects: 1.898900 ms  DeleteObjects: 0.054400 ms)

========================================================================
Received Prepare
Registering precompiled user dll's ...
Registered in 0.001030 seconds.
Begin MonoManager ReloadAssembly
Native extension for WindowsStandalone target not found
Native extension for WebGL target not found
Refreshing native plugins compatible for Editor in 0.24 ms, found 0 plugins.
Preloading 0 native plugins for Editor in 0.00 ms.
Invoked RoslynAnalysisRunner static constructor.
RoslynAnalysisRunner will not be running.
RoslynAnalysisRunner has terminated.
Mono: successfully reloaded assembly
- Completed reload, in  0.726 seconds
Platform modules already initialized, skipping
Refreshing native plugins compatible for Editor in 0.27 ms, found 0 plugins.
Preloading 0 native plugins for Editor in 0.00 ms.
Unloading 1494 Unused Serialized files (Serialized files now loaded: 0)
System memory in use before: 76.6 MB.
System memory in use after: 76.7 MB.

Unloading 5 unused Assets to reduce memory usage. Loaded Objects now: 2010.
Total: 1.686600 ms (FindLiveObjects: 0.161800 ms CreateObjectMapping: 0.045900 ms MarkObjects: 1.426400 ms  DeleteObjects: 0.051400 ms)

========================================================================
Received Prepare
Registering precompiled user dll's ...
Registered in 0.000729 seconds.
Begin MonoManager ReloadAssembly
Native extension for WindowsStandalone target not found
Native extension for WebGL target not found
Refreshing native plugins compatible for Editor in 0.24 ms, found 0 plugins.
Preloading 0 native plugins for Editor in 0.00 ms.
Invoked RoslynAnalysisRunner static constructor.
RoslynAnalysisRunner will not be running.
RoslynAnalysisRunner has terminated.
Mono: successfully reloaded assembly
- Completed reload, in  0.727 seconds
Platform modules already initialized, skipping
Refreshing native plugins compatible for Editor in 0.23 ms, found 0 plugins.
Preloading 0 native plugins for Editor in 0.00 ms.
Unloading 1494 Unused Serialized files (Serialized files now loaded: 0)
System memory in use before: 76.6 MB.
System memory in use after: 76.7 MB.

Unloading 5 unused Assets to reduce memory usage. Loaded Objects now: 2012.
Total: 2.003500 ms (FindLiveObjects: 0.177200 ms CreateObjectMapping: 0.080900 ms MarkObjects: 1.693100 ms  DeleteObjects: 0.051200 ms)

========================================================================
Received Prepare
Registering precompiled user dll's ...
Registered in 0.000821 seconds.
Begin MonoManager ReloadAssembly
Native extension for WindowsStandalone target not found
Native extension for WebGL target not found
Refreshing native plugins compatible for Editor in 0.30 ms, found 0 plugins.
Preloading 0 native plugins for Editor in 0.00 ms.
Invoked RoslynAnalysisRunner static constructor.
RoslynAnalysisRunner will not be running.
RoslynAnalysisRunner has terminated.
Mono: successfully reloaded assembly
- Completed reload, in  0.728 seconds
Platform modules already initialized, skipping
Refreshing native plugins compatible for Editor in 0.25 ms, found 0 plugins.
Preloading 0 native plugins for Editor in 0.00 ms.
Unloading 1494 Unused Serialized files (Serialized files now loaded: 0)
System memory in use before: 76.6 MB.
System memory in use after: 76.7 MB.

Unloading 5 unused Assets to reduce memory usage. Loaded Objects now: 2014.
Total: 1.755600 ms (FindLiveObjects: 0.253800 ms CreateObjectMapping: 0.046300 ms MarkObjects: 1.406600 ms  DeleteObjects: 0.047400 ms)

========================================================================
Received Import Request.
  Time since last request: 1282.278288 seconds.
  path: Assets/Puzzles/TestPuzzle.asset
  artifactKey: Guid(d170dc1458eae05439b7ba72b07a3668) Importer(815301076,1909f56bfc062723c751e8b465ee728b)
Start importing Assets/Puzzles/TestPuzzle.asset using Guid(d170dc1458eae05439b7ba72b07a3668) Importer(815301076,1909f56bfc062723c751e8b465ee728b)  -> (artifact id: '64a5d601a5409f221c0dfae732e808c0') in 0.014561 seconds
  Import took 0.017871 seconds .

========================================================================
Received Prepare
Registering precompiled user dll's ...
Registered in 0.001037 seconds.
Begin MonoManager ReloadAssembly
Native extension for WindowsStandalone target not found
Native extension for WebGL target not found
Refreshing native plugins compatible for Editor in 0.24 ms, found 0 plugins.
Preloading 0 native plugins for Editor in 0.00 ms.
Invoked RoslynAnalysisRunner static constructor.
RoslynAnalysisRunner will not be running.
RoslynAnalysisRunner has terminated.
Mono: successfully reloaded assembly
- Completed reload, in  0.727 seconds
Platform modules already initialized, skipping
Refreshing native plugins compatible for Editor in 0.24 ms, found 0 plugins.
Preloading 0 native plugins for Editor in 0.00 ms.
Unloading 1494 Unused Serialized files (Serialized files now loaded: 0)
System memory in use before: 76.7 MB.
System memory in use after: 76.7 MB.

Unloading 5 unused Assets to reduce memory usage. Loaded Objects now: 2016.
Total: 1.623300 ms (FindLiveObjects: 0.144400 ms CreateObjectMapping: 0.043200 ms MarkObjects: 1.385400 ms  DeleteObjects: 0.048800 ms)

========================================================================
Received Prepare
Registering precompiled user dll's ...
Registered in 0.000919 seconds.
Begin MonoManager ReloadAssembly
Native extension for WindowsStandalone target not found
Native extension for WebGL target not found
Refreshing native plugins compatible for Editor in 0.24 ms, found 0 plugins.
Preloading 0 native plugins for Editor in 0.00 ms.
Invoked RoslynAnalysisRunner static constructor.
RoslynAnalysisRunner will not be running.
RoslynAnalysisRunner has terminated.
Mono: successfully reloaded assembly
- Completed reload, in  0.726 seconds
Platform modules already initialized, skipping
Refreshing native plugins compatible for Editor in 0.24 ms, found 0 plugins.
Preloading 0 native plugins for Editor in 0.00 ms.
Unloading 1494 Unused Serialized files (Serialized files now loaded: 0)
System memory in use before: 76.7 MB.
System memory in use after: 76.7 MB.

Unloading 5 unused Assets to reduce memory usage. Loaded Objects now: 2018.
Total: 1.703100 ms (FindLiveObjects: 0.151100 ms CreateObjectMapping: 0.045100 ms MarkObjects: 1.436900 ms  DeleteObjects: 0.050600 ms)

========================================================================
Received Prepare
Registering precompiled user dll's ...
Registered in 0.000933 seconds.
Begin MonoManager ReloadAssembly
Native extension for WindowsStandalone target not found
Native extension for WebGL target not found
Refreshing native plugins compatible for Editor in 0.24 ms, found 0 plugins.
Preloading 0 native plugins for Editor in 0.00 ms.
Invoked RoslynAnalysisRunner static constructor.
RoslynAnalysisRunner will not be running.
RoslynAnalysisRunner has terminated.
Mono: successfully reloaded assembly
- Completed reload, in  0.726 seconds
Platform modules already initialized, skipping
Refreshing native plugins compatible for Editor in 0.23 ms, found 0 plugins.
Preloading 0 native plugins for Editor in 0.00 ms.
Unloading 1494 Unused Serialized files (Serialized files now loaded: 0)
System memory in use before: 76.7 MB.
System memory in use after: 76.8 MB.

Unloading 5 unused Assets to reduce memory usage. Loaded Objects now: 2020.
Total: 1.863000 ms (FindLiveObjects: 0.145500 ms CreateObjectMapping: 0.045800 ms MarkObjects: 1.617500 ms  DeleteObjects: 0.053000 ms)

========================================================================
Received Prepare
Registering precompiled user dll's ...
Registered in 0.000797 seconds.
Begin MonoManager ReloadAssembly
Native extension for WindowsStandalone target not found
Native extension for WebGL target not found
Refreshing native plugins compatible for Editor in 0.23 ms, found 0 plugins.
Preloading 0 native plugins for Editor in 0.00 ms.
Invoked RoslynAnalysisRunner static constructor.
RoslynAnalysisRunner will not be running.
RoslynAnalysisRunner has terminated.
Mono: successfully reloaded assembly
- Completed reload, in  0.739 seconds
Platform modules already initialized, skipping
Refreshing native plugins compatible for Editor in 0.28 ms, found 0 plugins.
Preloading 0 native plugins for Editor in 0.00 ms.
Unloading 1494 Unused Serialized files (Serialized files now loaded: 0)
System memory in use before: 76.7 MB.
System memory in use after: 76.8 MB.

Unloading 5 unused Assets to reduce memory usage. Loaded Objects now: 2022.
Total: 1.982400 ms (FindLiveObjects: 0.152000 ms CreateObjectMapping: 0.047600 ms MarkObjects: 1.708200 ms  DeleteObjects: 0.073500 ms)

========================================================================
Received Import Request.
  Time since last request: 128.803178 seconds.
  path: Assets/Resources/Prefabs/LaserEmitter.prefab
  artifactKey: Guid(b487459e4b241a549962caedbaf8f32a) Importer(815301076,1909f56bfc062723c751e8b465ee728b)
Start importing Assets/Resources/Prefabs/LaserEmitter.prefab using Guid(b487459e4b241a549962caedbaf8f32a) Importer(815301076,1909f56bfc062723c751e8b465ee728b)  -> (artifact id: 'b62e004944825b21e2a360df8c42d94d') in 0.049084 seconds
  Import took 0.051463 seconds .

========================================================================
Received Prepare
Registering precompiled user dll's ...
Registered in 0.000745 seconds.
Begin MonoManager ReloadAssembly
Native extension for WindowsStandalone target not found
Native extension for WebGL target not found
Refreshing native plugins compatible for Editor in 0.24 ms, found 0 plugins.
Preloading 0 native plugins for Editor in 0.00 ms.
Invoked RoslynAnalysisRunner static constructor.
RoslynAnalysisRunner will not be running.
RoslynAnalysisRunner has terminated.
Mono: successfully reloaded assembly
- Completed reload, in  0.730 seconds
Platform modules already initialized, skipping
Refreshing native plugins compatible for Editor in 0.24 ms, found 0 plugins.
Preloading 0 native plugins for Editor in 0.00 ms.
Unloading 1494 Unused Serialized files (Serialized files now loaded: 0)
System memory in use before: 76.7 MB.
System memory in use after: 76.8 MB.

Unloading 5 unused Assets to reduce memory usage. Loaded Objects now: 2025.
Total: 1.645900 ms (FindLiveObjects: 0.141000 ms CreateObjectMapping: 0.042300 ms MarkObjects: 1.414100 ms  DeleteObjects: 0.047600 ms)

========================================================================
Received Prepare
Registering precompiled user dll's ...
Registered in 0.000881 seconds.
Begin MonoManager ReloadAssembly
Native extension for WindowsStandalone target not found
Native extension for WebGL target not found
Refreshing native plugins compatible for Editor in 0.24 ms, found 0 plugins.
Preloading 0 native plugins for Editor in 0.00 ms.
Invoked RoslynAnalysisRunner static constructor.
RoslynAnalysisRunner will not be running.
RoslynAnalysisRunner has terminated.
Mono: successfully reloaded assembly
- Completed reload, in  0.748 seconds
Platform modules already initialized, skipping
Refreshing native plugins compatible for Editor in 0.23 ms, found 0 plugins.
Preloading 0 native plugins for Editor in 0.00 ms.
Unloading 1494 Unused Serialized files (Serialized files now loaded: 0)
System memory in use before: 76.7 MB.
System memory in use after: 76.8 MB.

Unloading 5 unused Assets to reduce memory usage. Loaded Objects now: 2027.
Total: 1.799100 ms (FindLiveObjects: 0.143800 ms CreateObjectMapping: 0.046900 ms MarkObjects: 1.556600 ms  DeleteObjects: 0.050700 ms)

========================================================================
Received Prepare
Registering precompiled user dll's ...
Registered in 0.000812 seconds.
Begin MonoManager ReloadAssembly
Native extension for WindowsStandalone target not found
Native extension for WebGL target not found
Refreshing native plugins compatible for Editor in 0.23 ms, found 0 plugins.
Preloading 0 native plugins for Editor in 0.00 ms.
Invoked RoslynAnalysisRunner static constructor.
RoslynAnalysisRunner will not be running.
RoslynAnalysisRunner has terminated.
Mono: successfully reloaded assembly
- Completed reload, in  0.738 seconds
Platform modules already initialized, skipping
Refreshing native plugins compatible for Editor in 0.28 ms, found 0 plugins.
Preloading 0 native plugins for Editor in 0.00 ms.
Unloading 1494 Unused Serialized files (Serialized files now loaded: 0)
System memory in use before: 76.7 MB.
System memory in use after: 76.8 MB.

Unloading 5 unused Assets to reduce memory usage. Loaded Objects now: 2029.
Total: 1.729600 ms (FindLiveObjects: 0.158900 ms CreateObjectMapping: 0.046300 ms MarkObjects: 1.476900 ms  DeleteObjects: 0.046500 ms)

========================================================================
Received Prepare
Registering precompiled user dll's ...
Registered in 0.000960 seconds.
Begin MonoManager ReloadAssembly
Native extension for WindowsStandalone target not found
Native extension for WebGL target not found
Refreshing native plugins compatible for Editor in 0.24 ms, found 0 plugins.
Preloading 0 native plugins for Editor in 0.00 ms.
Invoked RoslynAnalysisRunner static constructor.
RoslynAnalysisRunner will not be running.
RoslynAnalysisRunner has terminated.
Mono: successfully reloaded assembly
- Completed reload, in  0.734 seconds
Platform modules already initialized, skipping
Refreshing native plugins compatible for Editor in 0.24 ms, found 0 plugins.
Preloading 0 native plugins for Editor in 0.00 ms.
Unloading 1494 Unused Serialized files (Serialized files now loaded: 0)
System memory in use before: 76.7 MB.
System memory in use after: 76.8 MB.

Unloading 5 unused Assets to reduce memory usage. Loaded Objects now: 2031.
Total: 1.900700 ms (FindLiveObjects: 0.181800 ms CreateObjectMapping: 0.058100 ms MarkObjects: 1.602000 ms  DeleteObjects: 0.057300 ms)

========================================================================
Received Prepare
Registering precompiled user dll's ...
Registered in 0.000906 seconds.
Begin MonoManager ReloadAssembly
Native extension for WindowsStandalone target not found
Native extension for WebGL target not found
Refreshing native plugins compatible for Editor in 0.27 ms, found 0 plugins.
Preloading 0 native plugins for Editor in 0.00 ms.
Invoked RoslynAnalysisRunner static constructor.
RoslynAnalysisRunner will not be running.
RoslynAnalysisRunner has terminated.
Mono: successfully reloaded assembly
- Completed reload, in  0.748 seconds
Platform modules already initialized, skipping
Refreshing native plugins compatible for Editor in 0.23 ms, found 0 plugins.
Preloading 0 native plugins for Editor in 0.00 ms.
Unloading 1494 Unused Serialized files (Serialized files now loaded: 0)
System memory in use before: 76.7 MB.
System memory in use after: 76.8 MB.

Unloading 5 unused Assets to reduce memory usage. Loaded Objects now: 2033.
Total: 1.816600 ms (FindLiveObjects: 0.152500 ms CreateObjectMapping: 0.044800 ms MarkObjects: 1.574500 ms  DeleteObjects: 0.043900 ms)

========================================================================
Received Prepare
Registering precompiled user dll's ...
Registered in 0.000782 seconds.
Begin MonoManager ReloadAssembly
Native extension for WindowsStandalone target not found
Native extension for WebGL target not found
Refreshing native plugins compatible for Editor in 0.28 ms, found 0 plugins.
Preloading 0 native plugins for Editor in 0.00 ms.
Invoked RoslynAnalysisRunner static constructor.
RoslynAnalysisRunner will not be running.
RoslynAnalysisRunner has terminated.
Mono: successfully reloaded assembly
- Completed reload, in  0.817 seconds
Platform modules already initialized, skipping
Refreshing native plugins compatible for Editor in 0.24 ms, found 0 plugins.
Preloading 0 native plugins for Editor in 0.00 ms.
Unloading 1494 Unused Serialized files (Serialized files now loaded: 0)
System memory in use before: 76.7 MB.
System memory in use after: 76.8 MB.

Unloading 5 unused Assets to reduce memory usage. Loaded Objects now: 2035.
Total: 2.061800 ms (FindLiveObjects: 0.206800 ms CreateObjectMapping: 0.111700 ms MarkObjects: 1.690400 ms  DeleteObjects: 0.051500 ms)

========================================================================
Received Prepare
Registering precompiled user dll's ...
Registered in 0.000996 seconds.
Begin MonoManager ReloadAssembly
Native extension for WindowsStandalone target not found
Native extension for WebGL target not found
Refreshing native plugins compatible for Editor in 0.25 ms, found 0 plugins.
Preloading 0 native plugins for Editor in 0.00 ms.
Invoked RoslynAnalysisRunner static constructor.
RoslynAnalysisRunner will not be running.
RoslynAnalysisRunner has terminated.
Mono: successfully reloaded assembly
- Completed reload, in  0.711 seconds
Platform modules already initialized, skipping
Refreshing native plugins compatible for Editor in 0.23 ms, found 0 plugins.
Preloading 0 native plugins for Editor in 0.00 ms.
Unloading 1494 Unused Serialized files (Serialized files now loaded: 0)
System memory in use before: 76.7 MB.
System memory in use after: 76.8 MB.

Unloading 5 unused Assets to reduce memory usage. Loaded Objects now: 2037.
Total: 1.702800 ms (FindLiveObjects: 0.190000 ms CreateObjectMapping: 0.048000 ms MarkObjects: 1.416200 ms  DeleteObjects: 0.047900 ms)

========================================================================
Received Prepare
Registering precompiled user dll's ...
Registered in 0.000786 seconds.
Begin MonoManager ReloadAssembly
Native extension for WindowsStandalone target not found
Native extension for WebGL target not found
Refreshing native plugins compatible for Editor in 0.25 ms, found 0 plugins.
Preloading 0 native plugins for Editor in 0.00 ms.
Invoked RoslynAnalysisRunner static constructor.
RoslynAnalysisRunner will not be running.
RoslynAnalysisRunner has terminated.
Mono: successfully reloaded assembly
- Completed reload, in  0.728 seconds
Platform modules already initialized, skipping
Refreshing native plugins compatible for Editor in 0.23 ms, found 0 plugins.
Preloading 0 native plugins for Editor in 0.00 ms.
Unloading 1494 Unused Serialized files (Serialized files now loaded: 0)
System memory in use before: 76.7 MB.
System memory in use after: 76.8 MB.

Unloading 5 unused Assets to reduce memory usage. Loaded Objects now: 2039.
Total: 1.829800 ms (FindLiveObjects: 0.150300 ms CreateObjectMapping: 0.045600 ms MarkObjects: 1.572700 ms  DeleteObjects: 0.060500 ms)

========================================================================
Received Prepare
Registering precompiled user dll's ...
Registered in 0.000892 seconds.
Begin MonoManager ReloadAssembly
Native extension for WindowsStandalone target not found
Native extension for WebGL target not found
Refreshing native plugins compatible for Editor in 0.25 ms, found 0 plugins.
Preloading 0 native plugins for Editor in 0.00 ms.
Invoked RoslynAnalysisRunner static constructor.
RoslynAnalysisRunner will not be running.
RoslynAnalysisRunner has terminated.
Mono: successfully reloaded assembly
- Completed reload, in  0.835 seconds
Platform modules already initialized, skipping
Refreshing native plugins compatible for Editor in 0.23 ms, found 0 plugins.
Preloading 0 native plugins for Editor in 0.00 ms.
Unloading 1494 Unused Serialized files (Serialized files now loaded: 0)
System memory in use before: 76.7 MB.
System memory in use after: 76.8 MB.

Unloading 5 unused Assets to reduce memory usage. Loaded Objects now: 2041.
Total: 2.124400 ms (FindLiveObjects: 0.211100 ms CreateObjectMapping: 0.053200 ms MarkObjects: 1.788300 ms  DeleteObjects: 0.070400 ms)

========================================================================
Received Prepare
Registering precompiled user dll's ...
Registered in 0.000737 seconds.
Begin MonoManager ReloadAssembly
Native extension for WindowsStandalone target not found
Native extension for WebGL target not found
Refreshing native plugins compatible for Editor in 0.23 ms, found 0 plugins.
Preloading 0 native plugins for Editor in 0.00 ms.
Invoked RoslynAnalysisRunner static constructor.
RoslynAnalysisRunner will not be running.
RoslynAnalysisRunner has terminated.
Mono: successfully reloaded assembly
- Completed reload, in  0.739 seconds
Platform modules already initialized, skipping
Refreshing native plugins compatible for Editor in 0.27 ms, found 0 plugins.
Preloading 0 native plugins for Editor in 0.00 ms.
Unloading 1494 Unused Serialized files (Serialized files now loaded: 0)
System memory in use before: 76.8 MB.
System memory in use after: 76.8 MB.

Unloading 5 unused Assets to reduce memory usage. Loaded Objects now: 2043.
Total: 1.756200 ms (FindLiveObjects: 0.152000 ms CreateObjectMapping: 0.048000 ms MarkObjects: 1.503500 ms  DeleteObjects: 0.051500 ms)

========================================================================
Received Prepare
Registering precompiled user dll's ...
Registered in 0.001138 seconds.
Begin MonoManager ReloadAssembly
Native extension for WindowsStandalone target not found
Native extension for WebGL target not found
Refreshing native plugins compatible for Editor in 0.25 ms, found 0 plugins.
Preloading 0 native plugins for Editor in 0.00 ms.
Invoked RoslynAnalysisRunner static constructor.
RoslynAnalysisRunner will not be running.
RoslynAnalysisRunner has terminated.
Mono: successfully reloaded assembly
- Completed reload, in  0.739 seconds
Platform modules already initialized, skipping
Refreshing native plugins compatible for Editor in 0.26 ms, found 0 plugins.
Preloading 0 native plugins for Editor in 0.00 ms.
Unloading 1494 Unused Serialized files (Serialized files now loaded: 0)
System memory in use before: 76.8 MB.
System memory in use after: 76.8 MB.

Unloading 5 unused Assets to reduce memory usage. Loaded Objects now: 2045.
Total: 5.149200 ms (FindLiveObjects: 0.492700 ms CreateObjectMapping: 0.185800 ms MarkObjects: 4.390900 ms  DeleteObjects: 0.054500 ms)

========================================================================
Received Prepare
Registering precompiled user dll's ...
Registered in 0.000747 seconds.
Begin MonoManager ReloadAssembly
Native extension for WindowsStandalone target not found
Native extension for WebGL target not found
Refreshing native plugins compatible for Editor in 0.30 ms, found 0 plugins.
Preloading 0 native plugins for Editor in 0.00 ms.
Invoked RoslynAnalysisRunner static constructor.
RoslynAnalysisRunner will not be running.
RoslynAnalysisRunner has terminated.
Mono: successfully reloaded assembly
- Completed reload, in  0.742 seconds
Platform modules already initialized, skipping
Refreshing native plugins compatible for Editor in 0.23 ms, found 0 plugins.
Preloading 0 native plugins for Editor in 0.00 ms.
Unloading 1494 Unused Serialized files (Serialized files now loaded: 0)
System memory in use before: 76.8 MB.
System memory in use after: 76.9 MB.

Unloading 5 unused Assets to reduce memory usage. Loaded Objects now: 2047.
Total: 1.699300 ms (FindLiveObjects: 0.146700 ms CreateObjectMapping: 0.041300 ms MarkObjects: 1.462600 ms  DeleteObjects: 0.047900 ms)

========================================================================
Received Prepare
Registering precompiled user dll's ...
Registered in 0.001022 seconds.
Begin MonoManager ReloadAssembly
Native extension for WindowsStandalone target not found
Native extension for WebGL target not found
Refreshing native plugins compatible for Editor in 0.24 ms, found 0 plugins.
Preloading 0 native plugins for Editor in 0.00 ms.
Invoked RoslynAnalysisRunner static constructor.
RoslynAnalysisRunner will not be running.
RoslynAnalysisRunner has terminated.
Mono: successfully reloaded assembly
- Completed reload, in  0.745 seconds
Platform modules already initialized, skipping
Refreshing native plugins compatible for Editor in 0.23 ms, found 0 plugins.
Preloading 0 native plugins for Editor in 0.00 ms.
Unloading 1494 Unused Serialized files (Serialized files now loaded: 0)
System memory in use before: 76.8 MB.
System memory in use after: 76.9 MB.

Unloading 5 unused Assets to reduce memory usage. Loaded Objects now: 2049.
Total: 1.716700 ms (FindLiveObjects: 0.143700 ms CreateObjectMapping: 0.098000 ms MarkObjects: 1.423300 ms  DeleteObjects: 0.050400 ms)

========================================================================
Received Prepare
Registering precompiled user dll's ...
Registered in 0.000756 seconds.
Begin MonoManager ReloadAssembly
Native extension for WindowsStandalone target not found
Native extension for WebGL target not found
Refreshing native plugins compatible for Editor in 0.24 ms, found 0 plugins.
Preloading 0 native plugins for Editor in 0.00 ms.
Invoked RoslynAnalysisRunner static constructor.
RoslynAnalysisRunner will not be running.
RoslynAnalysisRunner has terminated.
Mono: successfully reloaded assembly
- Completed reload, in  0.727 seconds
Platform modules already initialized, skipping
Refreshing native plugins compatible for Editor in 0.24 ms, found 0 plugins.
Preloading 0 native plugins for Editor in 0.00 ms.
Unloading 1494 Unused Serialized files (Serialized files now loaded: 0)
System memory in use before: 76.8 MB.
System memory in use after: 76.9 MB.

Unloading 5 unused Assets to reduce memory usage. Loaded Objects now: 2051.
Total: 1.800900 ms (FindLiveObjects: 0.147500 ms CreateObjectMapping: 0.045700 ms MarkObjects: 1.552300 ms  DeleteObjects: 0.054700 ms)

========================================================================
Received Prepare
Registering precompiled user dll's ...
Registered in 0.000713 seconds.
Begin MonoManager ReloadAssembly
Native extension for WindowsStandalone target not found
Native extension for WebGL target not found
Refreshing native plugins compatible for Editor in 0.24 ms, found 0 plugins.
Preloading 0 native plugins for Editor in 0.00 ms.
Invoked RoslynAnalysisRunner static constructor.
RoslynAnalysisRunner will not be running.
RoslynAnalysisRunner has terminated.
Mono: successfully reloaded assembly
- Completed reload, in  0.754 seconds
Platform modules already initialized, skipping
Refreshing native plugins compatible for Editor in 0.27 ms, found 0 plugins.
Preloading 0 native plugins for Editor in 0.00 ms.
Unloading 1494 Unused Serialized files (Serialized files now loaded: 0)
System memory in use before: 76.8 MB.
System memory in use after: 76.9 MB.

Unloading 5 unused Assets to reduce memory usage. Loaded Objects now: 2053.
Total: 1.725700 ms (FindLiveObjects: 0.140700 ms CreateObjectMapping: 0.040800 ms MarkObjects: 1.489500 ms  DeleteObjects: 0.053400 ms)

========================================================================
Received Prepare
Registering precompiled user dll's ...
Registered in 0.000846 seconds.
Begin MonoManager ReloadAssembly
Native extension for WindowsStandalone target not found
Native extension for WebGL target not found
Refreshing native plugins compatible for Editor in 0.24 ms, found 0 plugins.
Preloading 0 native plugins for Editor in 0.00 ms.
Invoked RoslynAnalysisRunner static constructor.
RoslynAnalysisRunner will not be running.
RoslynAnalysisRunner has terminated.
Mono: successfully reloaded assembly
- Completed reload, in  0.739 seconds
Platform modules already initialized, skipping
Refreshing native plugins compatible for Editor in 0.29 ms, found 0 plugins.
Preloading 0 native plugins for Editor in 0.00 ms.
Unloading 1494 Unused Serialized files (Serialized files now loaded: 0)
System memory in use before: 76.8 MB.
System memory in use after: 76.9 MB.

Unloading 5 unused Assets to reduce memory usage. Loaded Objects now: 2055.
Total: 1.721800 ms (FindLiveObjects: 0.154700 ms CreateObjectMapping: 0.050000 ms MarkObjects: 1.470600 ms  DeleteObjects: 0.045500 ms)

========================================================================
Received Prepare
Registering precompiled user dll's ...
Registered in 0.000844 seconds.
Begin MonoManager ReloadAssembly
Native extension for WindowsStandalone target not found
Native extension for WebGL target not found
Refreshing native plugins compatible for Editor in 0.25 ms, found 0 plugins.
Preloading 0 native plugins for Editor in 0.00 ms.
Invoked RoslynAnalysisRunner static constructor.
RoslynAnalysisRunner will not be running.
RoslynAnalysisRunner has terminated.
Mono: successfully reloaded assembly
- Completed reload, in  0.742 seconds
Platform modules already initialized, skipping
Refreshing native plugins compatible for Editor in 0.23 ms, found 0 plugins.
Preloading 0 native plugins for Editor in 0.00 ms.
Unloading 1494 Unused Serialized files (Serialized files now loaded: 0)
System memory in use before: 76.8 MB.
System memory in use after: 76.9 MB.

Unloading 5 unused Assets to reduce memory usage. Loaded Objects now: 2057.
Total: 1.755500 ms (FindLiveObjects: 0.165000 ms CreateObjectMapping: 0.047100 ms MarkObjects: 1.490800 ms  DeleteObjects: 0.051700 ms)

========================================================================
Received Prepare
Registering precompiled user dll's ...
Registered in 0.000710 seconds.
Begin MonoManager ReloadAssembly
Native extension for WindowsStandalone target not found
Native extension for WebGL target not found
Refreshing native plugins compatible for Editor in 0.23 ms, found 0 plugins.
Preloading 0 native plugins for Editor in 0.00 ms.
Invoked RoslynAnalysisRunner static constructor.
RoslynAnalysisRunner will not be running.
RoslynAnalysisRunner has terminated.
Mono: successfully reloaded assembly
- Completed reload, in  0.723 seconds
Platform modules already initialized, skipping
Refreshing native plugins compatible for Editor in 0.23 ms, found 0 plugins.
Preloading 0 native plugins for Editor in 0.00 ms.
Unloading 1494 Unused Serialized files (Serialized files now loaded: 0)
System memory in use before: 76.8 MB.
System memory in use after: 76.9 MB.

Unloading 5 unused Assets to reduce memory usage. Loaded Objects now: 2059.
Total: 1.745200 ms (FindLiveObjects: 0.136400 ms CreateObjectMapping: 0.043300 ms MarkObjects: 1.516500 ms  DeleteObjects: 0.048300 ms)

========================================================================
Received Prepare
Registering precompiled user dll's ...
Registered in 0.000865 seconds.
Begin MonoManager ReloadAssembly
Native extension for WindowsStandalone target not found
Native extension for WebGL target not found
Refreshing native plugins compatible for Editor in 0.23 ms, found 0 plugins.
Preloading 0 native plugins for Editor in 0.00 ms.
Invoked RoslynAnalysisRunner static constructor.
RoslynAnalysisRunner will not be running.
RoslynAnalysisRunner has terminated.
Mono: successfully reloaded assembly
- Completed reload, in  0.761 seconds
Platform modules already initialized, skipping
Refreshing native plugins compatible for Editor in 0.24 ms, found 0 plugins.
Preloading 0 native plugins for Editor in 0.00 ms.
Unloading 1494 Unused Serialized files (Serialized files now loaded: 0)
System memory in use before: 76.8 MB.
System memory in use after: 76.9 MB.

Unloading 5 unused Assets to reduce memory usage. Loaded Objects now: 2061.
Total: 1.953800 ms (FindLiveObjects: 0.145700 ms CreateObjectMapping: 0.047000 ms MarkObjects: 1.710900 ms  DeleteObjects: 0.049300 ms)

========================================================================
Received Prepare
Registering precompiled user dll's ...
Registered in 0.000776 seconds.
Begin MonoManager ReloadAssembly
Native extension for WindowsStandalone target not found
Native extension for WebGL target not found
Refreshing native plugins compatible for Editor in 0.23 ms, found 0 plugins.
Preloading 0 native plugins for Editor in 0.00 ms.
Invoked RoslynAnalysisRunner static constructor.
RoslynAnalysisRunner will not be running.
RoslynAnalysisRunner has terminated.
Mono: successfully reloaded assembly
- Completed reload, in  0.741 seconds
Platform modules already initialized, skipping
Refreshing native plugins compatible for Editor in 0.24 ms, found 0 plugins.
Preloading 0 native plugins for Editor in 0.00 ms.
Unloading 1494 Unused Serialized files (Serialized files now loaded: 0)
System memory in use before: 76.8 MB.
System memory in use after: 76.9 MB.

Unloading 5 unused Assets to reduce memory usage. Loaded Objects now: 2063.
Total: 1.707000 ms (FindLiveObjects: 0.129800 ms CreateObjectMapping: 0.042100 ms MarkObjects: 1.490800 ms  DeleteObjects: 0.043600 ms)

========================================================================
Received Prepare
Registering precompiled user dll's ...
Registered in 0.000898 seconds.
Begin MonoManager ReloadAssembly
Native extension for WindowsStandalone target not found
Native extension for WebGL target not found
Refreshing native plugins compatible for Editor in 0.24 ms, found 0 plugins.
Preloading 0 native plugins for Editor in 0.00 ms.
Invoked RoslynAnalysisRunner static constructor.
RoslynAnalysisRunner will not be running.
RoslynAnalysisRunner has terminated.
Mono: successfully reloaded assembly
- Completed reload, in  0.734 seconds
Platform modules already initialized, skipping
Refreshing native plugins compatible for Editor in 0.28 ms, found 0 plugins.
Preloading 0 native plugins for Editor in 0.00 ms.
Unloading 1494 Unused Serialized files (Serialized files now loaded: 0)
System memory in use before: 76.9 MB.
System memory in use after: 76.9 MB.

Unloading 5 unused Assets to reduce memory usage. Loaded Objects now: 2065.
Total: 2.045700 ms (FindLiveObjects: 0.231300 ms CreateObjectMapping: 0.086900 ms MarkObjects: 1.664800 ms  DeleteObjects: 0.061400 ms)

========================================================================
Received Prepare
Registering precompiled user dll's ...
Registered in 0.000771 seconds.
Begin MonoManager ReloadAssembly
Native extension for WindowsStandalone target not found
Native extension for WebGL target not found
Refreshing native plugins compatible for Editor in 0.24 ms, found 0 plugins.
Preloading 0 native plugins for Editor in 0.00 ms.
Invoked RoslynAnalysisRunner static constructor.
RoslynAnalysisRunner will not be running.
RoslynAnalysisRunner has terminated.
Mono: successfully reloaded assembly
- Completed reload, in  0.756 seconds
Platform modules already initialized, skipping
Refreshing native plugins compatible for Editor in 0.23 ms, found 0 plugins.
Preloading 0 native plugins for Editor in 0.00 ms.
Unloading 1494 Unused Serialized files (Serialized files now loaded: 0)
System memory in use before: 76.9 MB.
System memory in use after: 76.9 MB.

Unloading 5 unused Assets to reduce memory usage. Loaded Objects now: 2067.
Total: 1.711900 ms (FindLiveObjects: 0.129100 ms CreateObjectMapping: 0.041700 ms MarkObjects: 1.498300 ms  DeleteObjects: 0.042100 ms)

========================================================================
Received Prepare
Registering precompiled user dll's ...
Registered in 0.001176 seconds.
Begin MonoManager ReloadAssembly
Native extension for WindowsStandalone target not found
Native extension for WebGL target not found
Refreshing native plugins compatible for Editor in 0.23 ms, found 0 plugins.
Preloading 0 native plugins for Editor in 0.00 ms.
Invoked RoslynAnalysisRunner static constructor.
RoslynAnalysisRunner will not be running.
RoslynAnalysisRunner has terminated.
Mono: successfully reloaded assembly
- Completed reload, in  0.718 seconds
Platform modules already initialized, skipping
Refreshing native plugins compatible for Editor in 0.24 ms, found 0 plugins.
Preloading 0 native plugins for Editor in 0.00 ms.
Unloading 1494 Unused Serialized files (Serialized files now loaded: 0)
System memory in use before: 76.9 MB.
System memory in use after: 76.9 MB.

Unloading 5 unused Assets to reduce memory usage. Loaded Objects now: 2069.
Total: 1.811700 ms (FindLiveObjects: 0.174600 ms CreateObjectMapping: 0.049400 ms MarkObjects: 1.533600 ms  DeleteObjects: 0.053300 ms)

========================================================================
Received Import Request.
  Time since last request: 1149.772942 seconds.
  path: Assets/Shaders/BeamGlowI_Shader.shader
  artifactKey: Guid(44ff82ccec9708c48be8eab9b88bc82a) Importer(815301076,1909f56bfc062723c751e8b465ee728b)
Start importing Assets/Shaders/BeamGlowI_Shader.shader using Guid(44ff82ccec9708c48be8eab9b88bc82a) Importer(815301076,1909f56bfc062723c751e8b465ee728b)  -> (artifact id: '87cd9688dc92a6968ffff28155a5bf1a') in 0.012797 seconds
  Import took 0.015235 seconds .

========================================================================
Received Import Request.
  Time since last request: 0.325205 seconds.
  path: Assets/Shaders/BeamGlowI_Shader.shader
  artifactKey: Guid(44ff82ccec9708c48be8eab9b88bc82a) Importer(815301076,1909f56bfc062723c751e8b465ee728b)
Start importing Assets/Shaders/BeamGlowI_Shader.shader using Guid(44ff82ccec9708c48be8eab9b88bc82a) Importer(815301076,1909f56bfc062723c751e8b465ee728b)  -> (artifact id: '87cd9688dc92a6968ffff28155a5bf1a') in 0.003449 seconds
  Import took 0.005574 seconds .

========================================================================
Received Import Request.
  Time since last request: 11.456617 seconds.
  path: Assets/Shaders/LightUI_Shader.shader
  artifactKey: Guid(1e7a9d1c5511450439c23a585c7f11ab) Importer(815301076,1909f56bfc062723c751e8b465ee728b)
Start importing Assets/Shaders/LightUI_Shader.shader using Guid(1e7a9d1c5511450439c23a585c7f11ab) Importer(815301076,1909f56bfc062723c751e8b465ee728b)  -> (artifact id: '2f42463ecdc4ffc290f635a5caef2446') in 0.003061 seconds
  Import took 0.005911 seconds .

========================================================================
Received Import Request.
  Time since last request: 10.482374 seconds.
  path: Assets/Shaders/LightUI_Shader.shader
  artifactKey: Guid(1e7a9d1c5511450439c23a585c7f11ab) Importer(815301076,1909f56bfc062723c751e8b465ee728b)
Start importing Assets/Shaders/LightUI_Shader.shader using Guid(1e7a9d1c5511450439c23a585c7f11ab) Importer(815301076,1909f56bfc062723c751e8b465ee728b)  -> (artifact id: '7508066c3706e56c6ff024a2b33613ac') in 0.004326 seconds
  Import took 0.007680 seconds .

========================================================================
Received Import Request.
  Time since last request: 10.809527 seconds.
  path: Assets/Shaders/LightUI_Shader.shader
  artifactKey: Guid(1e7a9d1c5511450439c23a585c7f11ab) Importer(815301076,1909f56bfc062723c751e8b465ee728b)
Start importing Assets/Shaders/LightUI_Shader.shader using Guid(1e7a9d1c5511450439c23a585c7f11ab) Importer(815301076,1909f56bfc062723c751e8b465ee728b)  -> (artifact id: 'c341e9dffbb3d336f74d396d3ce4f85c') in 0.004567 seconds
  Import took 0.007179 seconds .

========================================================================
Received Import Request.
  Time since last request: 16.221633 seconds.
  path: Assets/Shaders/LightUI_Shader.shader
  artifactKey: Guid(1e7a9d1c5511450439c23a585c7f11ab) Importer(815301076,1909f56bfc062723c751e8b465ee728b)
Start importing Assets/Shaders/LightUI_Shader.shader using Guid(1e7a9d1c5511450439c23a585c7f11ab) Importer(815301076,1909f56bfc062723c751e8b465ee728b)  -> (artifact id: '890ce956afdc91c1ac508ff7c6ea791e') in 0.004163 seconds
  Import took 0.007278 seconds .

========================================================================
Received Import Request.
  Time since last request: 9.836576 seconds.
  path: Assets/Shaders/LightUI_Shader.shader
  artifactKey: Guid(1e7a9d1c5511450439c23a585c7f11ab) Importer(815301076,1909f56bfc062723c751e8b465ee728b)
Start importing Assets/Shaders/LightUI_Shader.shader using Guid(1e7a9d1c5511450439c23a585c7f11ab) Importer(815301076,1909f56bfc062723c751e8b465ee728b)  -> (artifact id: '71d2624cf5822176c3044fcb98ef43c1') in 0.005422 seconds
  Import took 0.008836 seconds .

========================================================================
Received Import Request.
  Time since last request: 0.020054 seconds.
  path: Assets/Shaders/LightUI_Shader.shader
  artifactKey: Guid(1e7a9d1c5511450439c23a585c7f11ab) Importer(815301076,1909f56bfc062723c751e8b465ee728b)
Start importing Assets/Shaders/LightUI_Shader.shader using Guid(1e7a9d1c5511450439c23a585c7f11ab) Importer(815301076,1909f56bfc062723c751e8b465ee728b)  -> (artifact id: '71d2624cf5822176c3044fcb98ef43c1') in 0.006172 seconds
  Import took 0.008677 seconds .

========================================================================
Received Import Request.
  Time since last request: 31.390963 seconds.
  path: Assets/Shaders/LightUI_Shader.shader
  artifactKey: Guid(1e7a9d1c5511450439c23a585c7f11ab) Importer(815301076,1909f56bfc062723c751e8b465ee728b)
Start importing Assets/Shaders/LightUI_Shader.shader using Guid(1e7a9d1c5511450439c23a585c7f11ab) Importer(815301076,1909f56bfc062723c751e8b465ee728b)  -> (artifact id: 'cedf1e5bdd173ad7842544226ee9493d') in 0.003706 seconds
  Import took 0.008909 seconds .

========================================================================
Received Prepare
Registering precompiled user dll's ...
Registered in 0.000768 seconds.
Begin MonoManager ReloadAssembly
Native extension for WindowsStandalone target not found
Native extension for WebGL target not found
Refreshing native plugins compatible for Editor in 0.23 ms, found 0 plugins.
Preloading 0 native plugins for Editor in 0.00 ms.
Invoked RoslynAnalysisRunner static constructor.
RoslynAnalysisRunner will not be running.
RoslynAnalysisRunner has terminated.
Mono: successfully reloaded assembly
- Completed reload, in  0.730 seconds
Platform modules already initialized, skipping
Refreshing native plugins compatible for Editor in 0.24 ms, found 0 plugins.
Preloading 0 native plugins for Editor in 0.00 ms.
Unloading 1494 Unused Serialized files (Serialized files now loaded: 0)
System memory in use before: 76.9 MB.
System memory in use after: 77.0 MB.

Unloading 5 unused Assets to reduce memory usage. Loaded Objects now: 2071.
Total: 1.733500 ms (FindLiveObjects: 0.154200 ms CreateObjectMapping: 0.041400 ms MarkObjects: 1.488400 ms  DeleteObjects: 0.048300 ms)

========================================================================
Received Prepare
Registering precompiled user dll's ...
Registered in 0.000893 seconds.
Begin MonoManager ReloadAssembly
Native extension for WindowsStandalone target not found
Native extension for WebGL target not found
Refreshing native plugins compatible for Editor in 0.24 ms, found 0 plugins.
Preloading 0 native plugins for Editor in 0.00 ms.
Invoked RoslynAnalysisRunner static constructor.
RoslynAnalysisRunner will not be running.
RoslynAnalysisRunner has terminated.
Mono: successfully reloaded assembly
- Completed reload, in  0.731 seconds
Platform modules already initialized, skipping
Refreshing native plugins compatible for Editor in 0.23 ms, found 0 plugins.
Preloading 0 native plugins for Editor in 0.00 ms.
Unloading 1494 Unused Serialized files (Serialized files now loaded: 0)
System memory in use before: 76.9 MB.
System memory in use after: 77.0 MB.

Unloading 5 unused Assets to reduce memory usage. Loaded Objects now: 2073.
Total: 1.936600 ms (FindLiveObjects: 0.215000 ms CreateObjectMapping: 0.070000 ms MarkObjects: 1.596000 ms  DeleteObjects: 0.054200 ms)

========================================================================
Received Import Request.
  Time since last request: 25.446871 seconds.
  path: Assets/Shaders/LightUI_Shader.shader
  artifactKey: Guid(1e7a9d1c5511450439c23a585c7f11ab) Importer(815301076,1909f56bfc062723c751e8b465ee728b)
Start importing Assets/Shaders/LightUI_Shader.shader using Guid(1e7a9d1c5511450439c23a585c7f11ab) Importer(815301076,1909f56bfc062723c751e8b465ee728b)  -> (artifact id: 'b943f0b6714ac54e1554a6ceca0f6977') in 0.010492 seconds
  Import took 0.013809 seconds .

========================================================================
Received Import Request.
  Time since last request: 1.597256 seconds.
  path: Assets/Shaders/LightUI_Shader.shader
  artifactKey: Guid(1e7a9d1c5511450439c23a585c7f11ab) Importer(815301076,1909f56bfc062723c751e8b465ee728b)
Start importing Assets/Shaders/LightUI_Shader.shader using Guid(1e7a9d1c5511450439c23a585c7f11ab) Importer(815301076,1909f56bfc062723c751e8b465ee728b)  -> (artifact id: 'b943f0b6714ac54e1554a6ceca0f6977') in 0.003027 seconds
  Import took 0.005223 seconds .

========================================================================
Received Prepare
Registering precompiled user dll's ...
Registered in 0.000755 seconds.
Begin MonoManager ReloadAssembly
Native extension for WindowsStandalone target not found
Native extension for WebGL target not found
Refreshing native plugins compatible for Editor in 0.27 ms, found 0 plugins.
Preloading 0 native plugins for Editor in 0.00 ms.
Invoked RoslynAnalysisRunner static constructor.
RoslynAnalysisRunner will not be running.
RoslynAnalysisRunner has terminated.
Mono: successfully reloaded assembly
- Completed reload, in  0.736 seconds
Platform modules already initialized, skipping
Refreshing native plugins compatible for Editor in 0.25 ms, found 0 plugins.
Preloading 0 native plugins for Editor in 0.00 ms.
Unloading 1494 Unused Serialized files (Serialized files now loaded: 0)
System memory in use before: 76.9 MB.
System memory in use after: 77.0 MB.

Unloading 5 unused Assets to reduce memory usage. Loaded Objects now: 2075.
Total: 2.116400 ms (FindLiveObjects: 0.143500 ms CreateObjectMapping: 0.039700 ms MarkObjects: 1.883400 ms  DeleteObjects: 0.048700 ms)

========================================================================
Received Prepare
Registering precompiled user dll's ...
Registered in 0.000753 seconds.
Begin MonoManager ReloadAssembly
Native extension for WindowsStandalone target not found
Native extension for WebGL target not found
Refreshing native plugins compatible for Editor in 0.26 ms, found 0 plugins.
Preloading 0 native plugins for Editor in 0.00 ms.
Invoked RoslynAnalysisRunner static constructor.
RoslynAnalysisRunner will not be running.
RoslynAnalysisRunner has terminated.
Mono: successfully reloaded assembly
- Completed reload, in  0.745 seconds
Platform modules already initialized, skipping
Refreshing native plugins compatible for Editor in 0.25 ms, found 0 plugins.
Preloading 0 native plugins for Editor in 0.00 ms.
Unloading 1494 Unused Serialized files (Serialized files now loaded: 0)
System memory in use before: 76.9 MB.
System memory in use after: 77.0 MB.

Unloading 5 unused Assets to reduce memory usage. Loaded Objects now: 2077.
Total: 2.188400 ms (FindLiveObjects: 0.169800 ms CreateObjectMapping: 0.052700 ms MarkObjects: 1.882700 ms  DeleteObjects: 0.081800 ms)

========================================================================
Received Prepare
Registering precompiled user dll's ...
Registered in 0.001088 seconds.
Begin MonoManager ReloadAssembly
Native extension for WindowsStandalone target not found
Native extension for WebGL target not found
Refreshing native plugins compatible for Editor in 0.23 ms, found 0 plugins.
Preloading 0 native plugins for Editor in 0.00 ms.
Invoked RoslynAnalysisRunner static constructor.
RoslynAnalysisRunner will not be running.
RoslynAnalysisRunner has terminated.
Mono: successfully reloaded assembly
- Completed reload, in  0.750 seconds
Platform modules already initialized, skipping
Refreshing native plugins compatible for Editor in 0.23 ms, found 0 plugins.
Preloading 0 native plugins for Editor in 0.00 ms.
Unloading 1494 Unused Serialized files (Serialized files now loaded: 0)
System memory in use before: 76.9 MB.
System memory in use after: 77.0 MB.

Unloading 5 unused Assets to reduce memory usage. Loaded Objects now: 2079.
Total: 1.603600 ms (FindLiveObjects: 0.135000 ms CreateObjectMapping: 0.040800 ms MarkObjects: 1.383700 ms  DeleteObjects: 0.043300 ms)

========================================================================
Received Import Request.
  Time since last request: 80.474608 seconds.
  path: Assets/Scenes
  artifactKey: Guid(32e85fd23c0d6fa469e7c4af6e4574d6) Importer(815301076,1909f56bfc062723c751e8b465ee728b)
Start importing Assets/Scenes using Guid(32e85fd23c0d6fa469e7c4af6e4574d6) Importer(815301076,1909f56bfc062723c751e8b465ee728b)  -> (artifact id: 'dbe51c4c67fa87e64beef28dfa931c7b') in 0.007166 seconds
  Import took 0.009652 seconds .

========================================================================
Received Import Request.
  Time since last request: 0.000530 seconds.
  path: Assets/Scenes
  artifactKey: Guid(32e85fd23c0d6fa469e7c4af6e4574d6) Importer(815301076,1909f56bfc062723c751e8b465ee728b)
Start importing Assets/Scenes using Guid(32e85fd23c0d6fa469e7c4af6e4574d6) Importer(815301076,1909f56bfc062723c751e8b465ee728b)  -> (artifact id: 'dbe51c4c67fa87e64beef28dfa931c7b') in 0.003020 seconds
  Import took 0.005257 seconds .

========================================================================
Received Prepare
Registering precompiled user dll's ...
Registered in 0.000756 seconds.
Begin MonoManager ReloadAssembly
Native extension for WindowsStandalone target not found
Native extension for WebGL target not found
Refreshing native plugins compatible for Editor in 0.24 ms, found 0 plugins.
Preloading 0 native plugins for Editor in 0.00 ms.
Invoked RoslynAnalysisRunner static constructor.
RoslynAnalysisRunner will not be running.
RoslynAnalysisRunner has terminated.
Mono: successfully reloaded assembly
- Completed reload, in  0.733 seconds
Platform modules already initialized, skipping
Refreshing native plugins compatible for Editor in 0.24 ms, found 0 plugins.
Preloading 0 native plugins for Editor in 0.00 ms.
Unloading 1494 Unused Serialized files (Serialized files now loaded: 0)
System memory in use before: 76.9 MB.
System memory in use after: 77.0 MB.

Unloading 5 unused Assets to reduce memory usage. Loaded Objects now: 2081.
Total: 2.471800 ms (FindLiveObjects: 0.168000 ms CreateObjectMapping: 0.051900 ms MarkObjects: 2.194200 ms  DeleteObjects: 0.056800 ms)

========================================================================
Received Prepare
Registering precompiled user dll's ...
Registered in 0.000733 seconds.
Begin MonoManager ReloadAssembly
Native extension for WindowsStandalone target not found
Native extension for WebGL target not found
Refreshing native plugins compatible for Editor in 0.24 ms, found 0 plugins.
Preloading 0 native plugins for Editor in 0.00 ms.
Invoked RoslynAnalysisRunner static constructor.
RoslynAnalysisRunner will not be running.
RoslynAnalysisRunner has terminated.
Mono: successfully reloaded assembly
- Completed reload, in  0.739 seconds
Platform modules already initialized, skipping
Refreshing native plugins compatible for Editor in 0.23 ms, found 0 plugins.
Preloading 0 native plugins for Editor in 0.00 ms.
Unloading 1494 Unused Serialized files (Serialized files now loaded: 0)
System memory in use before: 76.9 MB.
System memory in use after: 77.0 MB.

Unloading 5 unused Assets to reduce memory usage. Loaded Objects now: 2083.
Total: 1.611200 ms (FindLiveObjects: 0.143100 ms CreateObjectMapping: 0.040700 ms MarkObjects: 1.379100 ms  DeleteObjects: 0.047100 ms)

========================================================================
Received Prepare
Registering precompiled user dll's ...
Registered in 0.000748 seconds.
Begin MonoManager ReloadAssembly
Native extension for WindowsStandalone target not found
Native extension for WebGL target not found
Refreshing native plugins compatible for Editor in 0.24 ms, found 0 plugins.
Preloading 0 native plugins for Editor in 0.00 ms.
Invoked RoslynAnalysisRunner static constructor.
RoslynAnalysisRunner will not be running.
RoslynAnalysisRunner has terminated.
Mono: successfully reloaded assembly
- Completed reload, in  0.738 seconds
Platform modules already initialized, skipping
Refreshing native plugins compatible for Editor in 0.24 ms, found 0 plugins.
Preloading 0 native plugins for Editor in 0.00 ms.
Unloading 1494 Unused Serialized files (Serialized files now loaded: 0)
System memory in use before: 76.9 MB.
System memory in use after: 77.0 MB.

Unloading 5 unused Assets to reduce memory usage. Loaded Objects now: 2085.
Total: 1.863900 ms (FindLiveObjects: 0.215900 ms CreateObjectMapping: 0.057300 ms MarkObjects: 1.539100 ms  DeleteObjects: 0.050100 ms)

========================================================================
Received Prepare
Registering precompiled user dll's ...
Registered in 0.000754 seconds.
Begin MonoManager ReloadAssembly
Native extension for WindowsStandalone target not found
Native extension for WebGL target not found
Refreshing native plugins compatible for Editor in 0.25 ms, found 0 plugins.
Preloading 0 native plugins for Editor in 0.00 ms.
Invoked RoslynAnalysisRunner static constructor.
RoslynAnalysisRunner will not be running.
RoslynAnalysisRunner has terminated.
Mono: successfully reloaded assembly
- Completed reload, in  0.738 seconds
Platform modules already initialized, skipping
Refreshing native plugins compatible for Editor in 0.24 ms, found 0 plugins.
Preloading 0 native plugins for Editor in 0.00 ms.
Unloading 1494 Unused Serialized files (Serialized files now loaded: 0)
System memory in use before: 76.9 MB.
System memory in use after: 77.0 MB.

Unloading 5 unused Assets to reduce memory usage. Loaded Objects now: 2087.
Total: 1.999600 ms (FindLiveObjects: 0.198100 ms CreateObjectMapping: 0.040100 ms MarkObjects: 1.711800 ms  DeleteObjects: 0.048400 ms)

========================================================================
Received Prepare
Registering precompiled user dll's ...
Registered in 0.000798 seconds.
Begin MonoManager ReloadAssembly
Native extension for WindowsStandalone target not found
Native extension for WebGL target not found
Refreshing native plugins compatible for Editor in 0.27 ms, found 0 plugins.
Preloading 0 native plugins for Editor in 0.00 ms.
Invoked RoslynAnalysisRunner static constructor.
RoslynAnalysisRunner will not be running.
RoslynAnalysisRunner has terminated.
Mono: successfully reloaded assembly
- Completed reload, in  0.744 seconds
Platform modules already initialized, skipping
Refreshing native plugins compatible for Editor in 0.24 ms, found 0 plugins.
Preloading 0 native plugins for Editor in 0.00 ms.
Unloading 1494 Unused Serialized files (Serialized files now loaded: 0)
System memory in use before: 76.9 MB.
System memory in use after: 77.0 MB.

Unloading 5 unused Assets to reduce memory usage. Loaded Objects now: 2089.
Total: 1.997800 ms (FindLiveObjects: 0.156800 ms CreateObjectMapping: 0.045900 ms MarkObjects: 1.741700 ms  DeleteObjects: 0.052400 ms)

========================================================================
Received Prepare
Registering precompiled user dll's ...
Registered in 0.000726 seconds.
Begin MonoManager ReloadAssembly
Native extension for WindowsStandalone target not found
Native extension for WebGL target not found
Refreshing native plugins compatible for Editor in 0.24 ms, found 0 plugins.
Preloading 0 native plugins for Editor in 0.00 ms.
Invoked RoslynAnalysisRunner static constructor.
RoslynAnalysisRunner will not be running.
RoslynAnalysisRunner has terminated.
Mono: successfully reloaded assembly
- Completed reload, in  0.710 seconds
Platform modules already initialized, skipping
Refreshing native plugins compatible for Editor in 0.23 ms, found 0 plugins.
Preloading 0 native plugins for Editor in 0.00 ms.
Unloading 1494 Unused Serialized files (Serialized files now loaded: 0)
System memory in use before: 77.0 MB.
System memory in use after: 77.0 MB.

Unloading 5 unused Assets to reduce memory usage. Loaded Objects now: 2091.
Total: 1.744100 ms (FindLiveObjects: 0.169600 ms CreateObjectMapping: 0.044700 ms MarkObjects: 1.483000 ms  DeleteObjects: 0.046000 ms)

AssetImportWorkerClient::OnTransportError - code=2 error=End of file
